<?xml version="1.0" encoding="UTF-8"?>
<!-- Generated by org.testng.reporters.JUnitReportReporter -->
<testsuite hostname="SIPL2016-03" failures="0" tests="1" name="ImagineRIS.TestCases.TC_LoginPage_001" time="19.771" errors="0" timestamp="2023-08-08T10:31:18 IST" skipped="0">
  <testcase classname="ImagineRIS.TestCases.TC_LoginPage_001" name="loginmodule" time="19.771"/>
  <system-out/>
</testsuite> <!-- ImagineRIS.TestCases.TC_LoginPage_001 -->
